0 info it worked if it ends with ok
1 verbose cli [ 'D:\\node.exe',
1 verbose cli   'D:\\node_modules\\npm\\bin\\npm-cli.js',
1 verbose cli   'run',
1 verbose cli   'server' ]
2 info using npm@3.10.8
3 info using node@v6.9.1
4 verbose run-script [ 'preserver', 'server', 'postserver' ]
5 info lifecycle aa@1.0.0~preserver: aa@1.0.0
6 silly lifecycle aa@1.0.0~preserver: no script for preserver, continuing
7 info lifecycle aa@1.0.0~server: aa@1.0.0
8 verbose lifecycle aa@1.0.0~server: unsafe-perm in lifecycle true
9 verbose lifecycle aa@1.0.0~server: PATH: D:\node_modules\npm\bin\node-gyp-bin;E:\新建文件夹\Desktop\gaokao\node_modules\.bin;C:\Program Files (x86)\Intel\iCLS Client\;C:\Program Files\Intel\iCLS Client\;C:\Windows\system32;C:\Windows;C:\Windows\System32\Wbem;C:\Windows\System32\WindowsPowerShell\v1.0\;C:\Program Files (x86)\Intel\Intel(R) Management Engine Components\DAL;C:\Program Files\Intel\Intel(R) Management Engine Components\DAL;C:\Program Files (x86)\Intel\Intel(R) Management Engine Components\IPT;C:\Program Files\Intel\Intel(R) Management Engine Components\IPT;C:\Program Files (x86)\NVIDIA Corporation\PhysX\Common;C:\WINDOWS\system32;C:\WINDOWS;C:\WINDOWS\System32\Wbem;C:\WINDOWS\System32\WindowsPowerShell\v1.0\;D:\;C:\Program Files\Git\cmd;C:\Program Files\TortoiseGit\bin;E:\Ruby23-x64\bin;C:\Users\dssds\AppData\Local\Microsoft\WindowsApps;C:\Users\dssds\Desktop\杂\app射Ⅴ\AppServ\Apache2.2\bin;C:\Users\dssds\Desktop\杂\app射Ⅴ\AppServ\php5;C:\Users\dssds\Desktop\杂\app射Ⅴ\AppServ\MySQL\bin;d:\AppServ\Apache2.2\bin;d:\AppServ\php5;E:\AppServ\Apache2.2\bin;E:\AppServ\php5;E:\AppServ\MySQL\bin;C:\Program Files (x86)\Microsoft VS Code\bin;C:\Users\dssds\AppData\Roaming\npm;
10 verbose lifecycle aa@1.0.0~server: CWD: E:\新建文件夹\Desktop\gaokao
11 silly lifecycle aa@1.0.0~server: Args: [ '/d /s /c', 'webpack-dev-server' ]
12 silly lifecycle aa@1.0.0~server: Returned: code: 3221225786  signal: null
13 info lifecycle aa@1.0.0~server: Failed to exec server script
14 verbose stack Error: aa@1.0.0 server: `webpack-dev-server`
14 verbose stack Exit status 3221225786
14 verbose stack     at EventEmitter.<anonymous> (D:\node_modules\npm\lib\utils\lifecycle.js:255:16)
14 verbose stack     at emitTwo (events.js:106:13)
14 verbose stack     at EventEmitter.emit (events.js:191:7)
14 verbose stack     at ChildProcess.<anonymous> (D:\node_modules\npm\lib\utils\spawn.js:40:14)
14 verbose stack     at emitTwo (events.js:106:13)
14 verbose stack     at ChildProcess.emit (events.js:191:7)
14 verbose stack     at maybeClose (internal/child_process.js:877:16)
14 verbose stack     at Process.ChildProcess._handle.onexit (internal/child_process.js:226:5)
15 verbose pkgid aa@1.0.0
16 verbose cwd E:\新建文件夹\Desktop\gaokao
17 error Windows_NT 10.0.16299
18 error argv "D:\\node.exe" "D:\\node_modules\\npm\\bin\\npm-cli.js" "run" "server"
19 error node v6.9.1
20 error npm  v3.10.8
21 error code ELIFECYCLE
22 error aa@1.0.0 server: `webpack-dev-server`
22 error Exit status 3221225786
23 error Failed at the aa@1.0.0 server script 'webpack-dev-server'.
23 error Make sure you have the latest version of node.js and npm installed.
23 error If you do, this is most likely a problem with the aa package,
23 error not with npm itself.
23 error Tell the author that this fails on your system:
23 error     webpack-dev-server
23 error You can get information on how to open an issue for this project with:
23 error     npm bugs aa
23 error Or if that isn't available, you can get their info via:
23 error     npm owner ls aa
23 error There is likely additional logging output above.
24 verbose exit [ 1, true ]
